[debug] ----------------------------------------------------------------------
[debug] Command:      C:\Program Files\nodejs\node.exe C:\Users\Nir\AppData\Roaming\npm\node_modules\firebase-tools\bin\firebase deploy
[debug] CLI Version:  3.6.1
[debug] Platform:     win32
[debug] Node Version: v6.10.2
[debug] Time:         Fri May 26 2017 00:13:36 GMT+0300 (Jerusalem Daylight Time)
[debug] ----------------------------------------------------------------------
[debug] 
[debug] > command requires scopes: ["email","openid","https://www.googleapis.com/auth/cloudplatformprojects.readonly","https://www.googleapis.com/auth/firebase","https://www.googleapis.com/auth/cloud-platform"]
[debug] > refreshing access token with scopes: ["email","https://www.googleapis.com/auth/cloud-platform","https://www.googleapis.com/auth/cloudplatformprojects.readonly","https://www.googleapis.com/auth/firebase","openid"]
[debug] >>> HTTP REQUEST POST https://www.googleapis.com/oauth2/v3/token { refresh_token: '1/-l_qwqkhIcI3L2ix229ujpRjXYoKRgaPP0C0UO2vwx8',
  client_id: '563584335869-fgrhgmd47bqnekij5i8b5pr03ho849e6.apps.googleusercontent.com',
  client_secret: 'j9iVZfS8kkCEFUPaAeJV0sAi',
  grant_type: 'refresh_token',
  scope: 'email https://www.googleapis.com/auth/cloud-platform https://www.googleapis.com/auth/cloudplatformprojects.readonly https://www.googleapis.com/auth/firebase openid' } 
 Fri May 26 2017 00:13:36 GMT+0300 (Jerusalem Daylight Time)
[debug] <<< HTTP RESPONSE 200
[debug] >>> HTTP REQUEST GET https://admin.firebase.com/v1/projects/test-f29de  
 Fri May 26 2017 00:13:36 GMT+0300 (Jerusalem Daylight Time)
[debug] <<< HTTP RESPONSE 200
[debug] >>> HTTP REQUEST GET https://admin.firebase.com/v1/database/test-f29de/tokens  
 Fri May 26 2017 00:13:38 GMT+0300 (Jerusalem Daylight Time)
[debug] <<< HTTP RESPONSE 200
[info] 
[info] === Deploying to 'test-f29de'...
[info] 
[info] i  deploying database, hosting
[info] +  database: rules ready to deploy.
[info] i  hosting: preparing dist directory for upload...
[debug] >>> HTTP REQUEST PUT https://deploy.firebase.com/v1/hosting/test-f29de/uploads/-Kl0SJ8MCcKiblcoqPWt?fileCount=12&message=  
 Fri May 26 2017 00:13:53 GMT+0300 (Jerusalem Daylight Time)
[debug] <<< HTTP RESPONSE 200
[debug] [hosting] .tgz uploaded successfully, waiting for extraction
